<?xml version="1.0" encoding="UTF-8"?>
<!-- Generated by org.testng.reporters.JUnitReportReporter -->
<testsuite skipped="0" hostname="doodlews-22" name="com.binco.test.Logintest" tests="3" failures="0" timestamp="31 Jan 2019 10:38:58 GMT" time="47.669" errors="0">
  <testcase name="logintest" time="14.453" classname="com.binco.test.Logintest"/>
  <testcase name="logintest1" time="16.526" classname="com.binco.test.Logintest"/>
  <testcase name="logintest2" time="16.690" classname="com.binco.test.Logintest"/>
</testsuite> <!-- com.binco.test.Logintest -->
